<?xml version="1.0" encoding="UTF-8"?>
<!-- Generated by org.testng.reporters.JUnitReportReporter -->
<testsuite hostname="DESKTOP-OD30TCI" failures="0" tests="5" name="Doocti107_Admin.UserGroupCreation" time="29.603" errors="0" timestamp="2024-07-11T12:38:37 IST" skipped="0">
  <testcase classname="Doocti107_Admin.UserGroupCreation" name="Create_Channel" time="2.000"/>
  <system-out/>
  <testcase classname="Doocti107_Admin.UserGroupCreation" name="Create_Team" time="6.881"/>
  <system-out/>
  <testcase classname="Doocti107_Admin.UserGroupCreation" name="Create_Usergroup" time="5.339"/>
  <system-out/>
  <testcase classname="Doocti107_Admin.UserGroupCreation" name="Create_User" time="12.851"/>
  <system-out/>
  <testcase classname="Doocti107_Admin.UserGroupCreation" name="Create_Source" time="2.532"/>
  <system-out/>
</testsuite> <!-- Doocti107_Admin.UserGroupCreation -->
