<?xml version="1.0" encoding="UTF-8"?>
<!-- Generated by org.testng.reporters.JUnitReportReporter -->
<testsuite hostname="DESKTOP-OD30TCI" failures="0" tests="1" name="Doocti107_Admin.UserGroupCreatiom" time="8.251" errors="0" timestamp="2024-07-10T18:30:12 IST" skipped="0">
  <testcase classname="Doocti107_Admin.UserGroupCreatiom" name="Create_Team" time="8.251"/>
  <system-out/>
</testsuite> <!-- Doocti107_Admin.UserGroupCreatiom -->
