<?xml version="1.0" encoding="UTF-8"?>
<!-- Generated by org.testng.reporters.JUnitReportReporter -->
<testsuite hostname="DESKTOP-OD30TCI" failures="0" tests="5" name="Doocti107_Admin.CRM_Creation" time="72.510" errors="0" timestamp="2024-07-11T12:38:37 IST" skipped="0">
  <testcase classname="Doocti107_Admin.CRM_Creation" name="Create_VoiceCampaign" time="17.409"/>
  <system-out/>
  <testcase classname="Doocti107_Admin.CRM_Creation" name="Create_InboundCampaign" time="12.279"/>
  <system-out/>
  <testcase classname="Doocti107_Admin.CRM_Creation" name="Create_PredictiveCampaign" time="13.983"/>
  <system-out/>
  <testcase classname="Doocti107_Admin.CRM_Creation" name="Create_PowerCampaign" time="14.815"/>
  <system-out/>
  <testcase classname="Doocti107_Admin.CRM_Creation" name="Create_PreviewCampaign" time="14.024"/>
  <system-out/>
</testsuite> <!-- Doocti107_Admin.CRM_Creation -->
