<?xml version="1.0" encoding="UTF-8"?>
<!-- Generated by org.testng.reporters.JUnitReportReporter -->
<testsuite hostname="DESKTOP-AJNVIH5" failures="0" tests="1" name="DooctiAdmin.UserCreation" time="32.759" errors="0" timestamp="2024-05-16T18:17:12 IST" skipped="0">
  <testcase classname="DooctiAdmin.UserCreation" name="createUser" time="32.759"/>
  <system-out/>
</testsuite> <!-- DooctiAdmin.UserCreation -->
