<?xml version="1.0" encoding="UTF-8"?>
<!-- Generated by org.testng.reporters.JUnitReportReporter -->
<testsuite hostname="DESKTOP-AJNVIH5" failures="0" tests="1" name="Doocti107_Admin.Configu_Createion" time="6.591" errors="0" timestamp="2024-06-07T10:58:36 IST" skipped="0">
  <testcase classname="Doocti107_Admin.Configu_Createion" name="create_TimeZone" time="6.591"/>
  <system-out/>
</testsuite> <!-- Doocti107_Admin.Configu_Createion -->
