<?xml version="1.0" encoding="UTF-8"?>
<!-- Generated by org.testng.reporters.JUnitReportReporter -->
<testsuite hostname="DESKTOP-OD30TCI" failures="0" tests="5" name="Doocti107_Admin.UserGroupUpdate" time="37.063" errors="0" timestamp="2024-07-11T12:38:37 IST" skipped="0">
  <testcase classname="Doocti107_Admin.UserGroupUpdate" name="Update_Channel" time="3.404"/>
  <system-out/>
  <testcase classname="Doocti107_Admin.UserGroupUpdate" name="Update_Source" time="2.630"/>
  <system-out/>
  <testcase classname="Doocti107_Admin.UserGroupUpdate" name="Update_Team" time="3.922"/>
  <system-out/>
  <testcase classname="Doocti107_Admin.UserGroupUpdate" name="Update_Usergroups" time="5.445"/>
  <system-out/>
  <testcase classname="Doocti107_Admin.UserGroupUpdate" name="Update_User" time="21.662"/>
  <system-out/>
</testsuite> <!-- Doocti107_Admin.UserGroupUpdate -->
