<?xml version="1.0" encoding="UTF-8"?>
<!-- Generated by org.testng.reporters.JUnitReportReporter -->
<testsuite hostname="DESKTOP-AJNVIH5" failures="0" tests="1" name="Doocti107_Admin.UserGroupCreatiom" time="7.930" errors="0" timestamp="2024-06-06T10:59:42 IST" skipped="0">
  <testcase classname="Doocti107_Admin.UserGroupCreatiom" name="Create_Team" time="7.930"/>
  <system-out/>
</testsuite> <!-- Doocti107_Admin.UserGroupCreatiom -->
