<?xml version="1.0" encoding="UTF-8"?>
<!-- Generated by org.testng.reporters.JUnitReportReporter -->
<testsuite hostname="DESKTOP-OD30TCI" failures="0" tests="18" name="Doocti107_Admin.Config_Deletion" time="111.496" errors="0" timestamp="2024-07-11T12:38:37 IST" skipped="0">
  <testcase classname="Doocti107_Admin.Config_Deletion" name="delete_Dispowithaction" time="6.842"/>
  <system-out/>
  <testcase classname="Doocti107_Admin.Config_Deletion" name="delete_ScriptText" time="7.501"/>
  <system-out/>
  <testcase classname="Doocti107_Admin.Config_Deletion" name="delete_DID" time="4.828"/>
  <system-out/>
  <testcase classname="Doocti107_Admin.Config_Deletion" name="delete_Pausecode" time="7.026"/>
  <system-out/>
  <testcase classname="Doocti107_Admin.Config_Deletion" name="delete_Queue" time="5.869"/>
  <system-out/>
  <testcase classname="Doocti107_Admin.Config_Deletion" name="delete_Inboundwithblk" time="4.222"/>
  <system-out/>
  <testcase classname="Doocti107_Admin.Config_Deletion" name="delete_TimeZone" time="7.157"/>
  <system-out/>
  <testcase classname="Doocti107_Admin.Config_Deletion" name="delete_SubDispo" time="6.767"/>
  <system-out/>
  <testcase classname="Doocti107_Admin.Config_Deletion" name="delete_ScriptURL" time="7.160"/>
  <system-out/>
  <testcase classname="Doocti107_Admin.Config_Deletion" name="delete_TicketStatuswithclosed" time="6.254"/>
  <system-out/>
  <testcase classname="Doocti107_Admin.Config_Deletion" name="delete_Tag" time="6.510"/>
  <system-out/>
  <testcase classname="Doocti107_Admin.Config_Deletion" name="delete_Announcement" time="6.177"/>
  <system-out/>
  <testcase classname="Doocti107_Admin.Config_Deletion" name="delete_LeadStatus" time="6.762"/>
  <system-out/>
  <testcase classname="Doocti107_Admin.Config_Deletion" name="delete_Inbound" time="3.632"/>
  <system-out/>
  <testcase classname="Doocti107_Admin.Config_Deletion" name="delete_MeetingTitle" time="3.634"/>
  <system-out/>
  <testcase classname="Doocti107_Admin.Config_Deletion" name="delete_TicketStatus" time="6.944"/>
  <system-out/>
  <testcase classname="Doocti107_Admin.Config_Deletion" name="delete_Dispo" time="7.403"/>
  <system-out/>
  <testcase classname="Doocti107_Admin.Config_Deletion" name="delete_LeadStatuswithclosed" time="6.808"/>
  <system-out/>
</testsuite> <!-- Doocti107_Admin.Config_Deletion -->
