<?xml version="1.0" encoding="UTF-8"?>
<!-- Generated by org.testng.reporters.JUnitReportReporter -->
<testsuite hostname="DESKTOP-OD30TCI" failures="0" tests="1" name="Doocti_Agent.OutboundCall" time="33.749" errors="0" timestamp="2024-07-05T16:32:59 IST" skipped="0">
  <testcase classname="Doocti_Agent.OutboundCall" name="dialCall" time="33.749"/>
  <system-out/>
</testsuite> <!-- Doocti_Agent.OutboundCall -->
