<?xml version="1.0" encoding="UTF-8"?>
<!-- Generated by org.testng.reporters.JUnitReportReporter -->
<testsuite hostname="DESKTOP-OD30TCI" failures="0" tests="26" name="Doocti107_Admin.Configu_Createion" time="121.055" errors="0" timestamp="2024-07-04T17:47:40 IST" skipped="0">
  <testcase classname="Doocti107_Admin.Configu_Createion" name="create_ScriptText" time="5.036"/>
  <system-out/>
  <testcase classname="Doocti107_Admin.Configu_Createion" name="create_MeetingTitle" time="3.513"/>
  <system-out/>
  <testcase classname="Doocti107_Admin.Configu_Createion" name="create_Noti" time="5.829"/>
  <system-out/>
  <testcase classname="Doocti107_Admin.Configu_Createion" name="create_SLA" time="7.361"/>
  <system-out/>
  <testcase classname="Doocti107_Admin.Configu_Createion" name="create_DispowithoutAction" time="3.734"/>
  <system-out/>
  <testcase classname="Doocti107_Admin.Configu_Createion" name="create_LeadStatuswithClosed" time="4.157"/>
  <system-out/>
  <testcase classname="Doocti107_Admin.Configu_Createion" name="create_ScriptURL" time="5.004"/>
  <system-out/>
  <testcase classname="Doocti107_Admin.Configu_Createion" name="create_InboundwithoutBlklist" time="4.469"/>
  <system-out/>
  <testcase classname="Doocti107_Admin.Configu_Createion" name="create_Subdispo" time="5.446"/>
  <system-out/>
  <testcase classname="Doocti107_Admin.Configu_Createion" name="create_LeadStatuswithoutClosed" time="3.746"/>
  <system-out/>
  <testcase classname="Doocti107_Admin.Configu_Createion" name="create_DispowithAction" time="4.768"/>
  <system-out/>
  <testcase classname="Doocti107_Admin.Configu_Createion" name="create_DID" time="3.625"/>
  <system-out/>
  <testcase classname="Doocti107_Admin.Configu_Createion" name="create_Queue" time="3.703"/>
  <system-out/>
  <testcase classname="Doocti107_Admin.Configu_Createion" name="create_Tag" time="4.761"/>
  <system-out/>
  <testcase classname="Doocti107_Admin.Configu_Createion" name="create_TicketStatuswithoutClosed" time="3.718"/>
  <system-out/>
  <testcase classname="Doocti107_Admin.Configu_Createion" name="upload_Blocklist" time="3.493"/>
  <system-out/>
  <testcase classname="Doocti107_Admin.Configu_Createion" name="create_TicketStatuswithClosed" time="4.667"/>
  <system-out/>
  <testcase classname="Doocti107_Admin.Configu_Createion" name="upload_DNC" time="3.424"/>
  <system-out/>
  <testcase classname="Doocti107_Admin.Configu_Createion" name="create_Schedule" time="10.500"/>
  <system-out/>
  <testcase classname="Doocti107_Admin.Configu_Createion" name="create_PauseCode" time="5.684"/>
  <system-out/>
  <testcase classname="Doocti107_Admin.Configu_Createion" name="create_TimeZone" time="7.564"/>
  <system-out/>
  <testcase classname="Doocti107_Admin.Configu_Createion" name="create_InboundwithBlklist" time="4.481"/>
  <system-out/>
  <testcase classname="Doocti107_Admin.Configu_Createion" name="create_Announcement" time="4.790"/>
  <system-out/>
  <testcase classname="Doocti107_Admin.Configu_Createion" name="upload_DID" time="3.224"/>
  <system-out/>
  <testcase classname="Doocti107_Admin.Configu_Createion" name="create_SystemSettingDataLead" time="2.270"/>
  <system-out/>
  <testcase classname="Doocti107_Admin.Configu_Createion" name="create_SystemSettingDataTicket" time="2.088"/>
  <system-out/>
</testsuite> <!-- Doocti107_Admin.Configu_Createion -->
