<?xml version="1.0" encoding="UTF-8"?>
<!-- Generated by org.testng.reporters.JUnitReportReporter -->
<testsuite hostname="DESKTOP-OD30TCI" failures="0" tests="17" name="Doocti107_Admin.Config_Update" time="108.086" errors="0" timestamp="2024-07-11T12:38:37 IST" skipped="0">
  <testcase classname="Doocti107_Admin.Config_Update" name="update_LeadStatuswithclosed" time="5.839"/>
  <system-out/>
  <testcase classname="Doocti107_Admin.Config_Update" name="update_Tag" time="5.846"/>
  <system-out/>
  <testcase classname="Doocti107_Admin.Config_Update" name="update_Announcement" time="6.754"/>
  <system-out/>
  <testcase classname="Doocti107_Admin.Config_Update" name="update_Inbound" time="4.114"/>
  <system-out/>
  <testcase classname="Doocti107_Admin.Config_Update" name="Update_Dispo" time="7.310"/>
  <system-out/>
  <testcase classname="Doocti107_Admin.Config_Update" name="update_ScriptText" time="9.252"/>
  <system-out/>
  <testcase classname="Doocti107_Admin.Config_Update" name="update_ScriptURL" time="9.513"/>
  <system-out/>
  <testcase classname="Doocti107_Admin.Config_Update" name="update_TicketStatuswithclosed" time="6.379"/>
  <system-out/>
  <testcase classname="Doocti107_Admin.Config_Update" name="Update_Dispowithaction" time="6.482"/>
  <system-out/>
  <testcase classname="Doocti107_Admin.Config_Update" name="update_TicketStatus" time="5.981"/>
  <system-out/>
  <testcase classname="Doocti107_Admin.Config_Update" name="update_TimeZone" time="6.265"/>
  <system-out/>
  <testcase classname="Doocti107_Admin.Config_Update" name="update_MeetingTitle" time="4.370"/>
  <system-out/>
  <testcase classname="Doocti107_Admin.Config_Update" name="update_Inboundwithblk" time="4.245"/>
  <system-out/>
  <testcase classname="Doocti107_Admin.Config_Update" name="update_LeadStatus" time="6.094"/>
  <system-out/>
  <testcase classname="Doocti107_Admin.Config_Update" name="update_DID" time="5.544"/>
  <system-out/>
  <testcase classname="Doocti107_Admin.Config_Update" name="update_Pausecode" time="7.537"/>
  <system-out/>
  <testcase classname="Doocti107_Admin.Config_Update" name="update_SubDispo" time="6.561"/>
  <system-out/>
</testsuite> <!-- Doocti107_Admin.Config_Update -->
