<?xml version="1.0" encoding="UTF-8"?>
<!-- Generated by org.testng.reporters.JUnitReportReporter -->
<testsuite hostname="DESKTOP-OD30TCI" failures="0" tests="23" name="Doocti107_Admin.Config_Createion" time="84.261" errors="0" timestamp="2024-07-11T12:38:37 IST" skipped="0">
  <testcase classname="Doocti107_Admin.Config_Createion" name="upload_Blocklist" time="2.786"/>
  <system-out/>
  <testcase classname="Doocti107_Admin.Config_Createion" name="upload_DID" time="2.610"/>
  <system-out/>
  <testcase classname="Doocti107_Admin.Config_Createion" name="create_ScriptText" time="4.045"/>
  <system-out/>
  <testcase classname="Doocti107_Admin.Config_Createion" name="create_InboundwithoutBlklist" time="3.832"/>
  <system-out/>
  <testcase classname="Doocti107_Admin.Config_Createion" name="create_SystemSettingDataTicket" time="1.779"/>
  <system-out/>
  <testcase classname="Doocti107_Admin.Config_Createion" name="create_TicketStatuswithClosed" time="3.657"/>
  <system-out/>
  <testcase classname="Doocti107_Admin.Config_Createion" name="create_LeadStatuswithoutClosed" time="3.299"/>
  <system-out/>
  <testcase classname="Doocti107_Admin.Config_Createion" name="create_SystemSettingDataLead" time="1.506"/>
  <system-out/>
  <testcase classname="Doocti107_Admin.Config_Createion" name="create_DispowithAction" time="4.608"/>
  <system-out/>
  <testcase classname="Doocti107_Admin.Config_Createion" name="create_TimeZone" time="7.132"/>
  <system-out/>
  <testcase classname="Doocti107_Admin.Config_Createion" name="create_ScriptURL" time="4.082"/>
  <system-out/>
  <testcase classname="Doocti107_Admin.Config_Createion" name="create_MeetingTitle" time="3.255"/>
  <system-out/>
  <testcase classname="Doocti107_Admin.Config_Createion" name="create_LeadStatuswithClosed" time="3.386"/>
  <system-out/>
  <testcase classname="Doocti107_Admin.Config_Createion" name="upload_DNC" time="2.586"/>
  <system-out/>
  <testcase classname="Doocti107_Admin.Config_Createion" name="create_Tag" time="3.510"/>
  <system-out/>
  <testcase classname="Doocti107_Admin.Config_Createion" name="create_Queue" time="4.347"/>
  <system-out/>
  <testcase classname="Doocti107_Admin.Config_Createion" name="create_Announcement" time="4.399"/>
  <system-out/>
  <testcase classname="Doocti107_Admin.Config_Createion" name="create_DID" time="3.250"/>
  <system-out/>
  <testcase classname="Doocti107_Admin.Config_Createion" name="create_Subdispo" time="4.528"/>
  <system-out/>
  <testcase classname="Doocti107_Admin.Config_Createion" name="create_PauseCode" time="4.866"/>
  <system-out/>
  <testcase classname="Doocti107_Admin.Config_Createion" name="create_TicketStatuswithoutClosed" time="3.332"/>
  <system-out/>
  <testcase classname="Doocti107_Admin.Config_Createion" name="create_DispowithoutAction" time="3.317"/>
  <system-out/>
  <testcase classname="Doocti107_Admin.Config_Createion" name="create_InboundwithBlklist" time="4.149"/>
  <system-out/>
</testsuite> <!-- Doocti107_Admin.Config_Createion -->
