<?xml version="1.0" encoding="UTF-8"?>
<!-- Generated by org.testng.reporters.JUnitReportReporter -->
<testsuite hostname="DESKTOP-AJNVIH5" failures="0" tests="1" name="DooctiAdmin.AdminLogin" time="8.776" errors="0" timestamp="2024-06-03T15:20:38 IST" skipped="0">
  <testcase classname="DooctiAdmin.AdminLogin" name="StartApp" time="8.776"/>
  <system-out/>
</testsuite> <!-- DooctiAdmin.AdminLogin -->
