<?xml version="1.0" encoding="UTF-8"?>
<!-- Generated by org.testng.reporters.JUnitReportReporter -->
<testsuite hostname="DESKTOP-OD30TCI" failures="0" tests="5" name="Doocti107_Admin.CRM_Deletion" time="30.832" errors="0" timestamp="2024-07-11T12:38:37 IST" skipped="0">
  <testcase classname="Doocti107_Admin.CRM_Deletion" name="Delete_VoiceCampaign" time="6.002"/>
  <system-out/>
  <testcase classname="Doocti107_Admin.CRM_Deletion" name="Delete_PreviewCampaign" time="7.657"/>
  <system-out/>
  <testcase classname="Doocti107_Admin.CRM_Deletion" name="Delete_PredictiveCampaign" time="5.768"/>
  <system-out/>
  <testcase classname="Doocti107_Admin.CRM_Deletion" name="Delete_InboundCampaign" time="5.727"/>
  <system-out/>
  <testcase classname="Doocti107_Admin.CRM_Deletion" name="Delete_PowerCampaign" time="5.678"/>
  <system-out/>
</testsuite> <!-- Doocti107_Admin.CRM_Deletion -->
